{
  "RSpec": {
    "coverage": {
      "/Users/paulogonzalez1/Desktop/DBC/programming_coach/paddle_tournament/app/helpers/application_helper.rb": [
        1,
        null
      ],
      "/Users/paulogonzalez1/Desktop/DBC/programming_coach/paddle_tournament/app/helpers/draw_positions_helper.rb": [
        1,
        null
      ],
      "/Users/paulogonzalez1/Desktop/DBC/programming_coach/paddle_tournament/app/helpers/draws_helper.rb": [
        1,
        null
      ],
      "/Users/paulogonzalez1/Desktop/DBC/programming_coach/paddle_tournament/app/helpers/locations_helper.rb": [
        1,
        null
      ],
      "/Users/paulogonzalez1/Desktop/DBC/programming_coach/paddle_tournament/app/helpers/matches_helper.rb": [
        1,
        null,
        null,
        null,
        null,
        null,
        null,
        null,
        null,
        null,
        null,
        null,
        null,
        null,
        null,
        null,
        null,
        null,
        null,
        null,
        null,
        null,
        null,
        null,
        null,
        null,
        null,
        null,
        null,
        null,
        null,
        null,
        null,
        null,
        null,
        null,
        null,
        null
      ],
      "/Users/paulogonzalez1/Desktop/DBC/programming_coach/paddle_tournament/app/helpers/players_helper.rb": [
        1,
        null
      ],
      "/Users/paulogonzalez1/Desktop/DBC/programming_coach/paddle_tournament/app/helpers/static_pages_helper.rb": [
        1,
        null
      ],
      "/Users/paulogonzalez1/Desktop/DBC/programming_coach/paddle_tournament/app/helpers/tournaments_helper.rb": [
        1,
        null
      ],
      "/Users/paulogonzalez1/Desktop/DBC/programming_coach/paddle_tournament/app/controllers/draw_positions_controller.rb": [
        1,
        1,
        0,
        0,
        null,
        null,
        1,
        0,
        0,
        0,
        0,
        0,
        0,
        0,
        null,
        0,
        0,
        null,
        null,
        0,
        null,
        null,
        null
      ],
      "/Users/paulogonzalez1/Desktop/DBC/programming_coach/paddle_tournament/app/controllers/application_controller.rb": [
        1,
        null,
        null,
        1,
        null
      ],
      "/Users/paulogonzalez1/Desktop/DBC/programming_coach/paddle_tournament/spec/controllers/draws_controller_spec.rb": [
        1,
        null,
        1,
        null,
        null
      ],
      "/Users/paulogonzalez1/Desktop/DBC/programming_coach/paddle_tournament/app/controllers/draws_controller.rb": [
        1,
        null,
        1,
        0,
        null,
        null,
        1,
        0,
        null,
        null,
        1,
        0,
        null,
        null
      ],
      "/Users/paulogonzalez1/Desktop/DBC/programming_coach/paddle_tournament/spec/controllers/locations_controller_spec.rb": [
        1,
        null,
        1,
        null,
        null
      ],
      "/Users/paulogonzalez1/Desktop/DBC/programming_coach/paddle_tournament/app/controllers/locations_controller.rb": [
        1,
        1,
        0,
        null,
        null,
        1,
        0,
        null,
        null
      ],
      "/Users/paulogonzalez1/Desktop/DBC/programming_coach/paddle_tournament/spec/controllers/matches_controller_spec.rb": [
        1,
        null,
        1,
        null,
        null
      ],
      "/Users/paulogonzalez1/Desktop/DBC/programming_coach/paddle_tournament/app/controllers/matches_controller.rb": [
        1,
        1,
        0,
        null,
        null,
        1,
        0,
        null,
        null
      ],
      "/Users/paulogonzalez1/Desktop/DBC/programming_coach/paddle_tournament/spec/controllers/players_controller_spec.rb": [
        1,
        null,
        1,
        null,
        null
      ],
      "/Users/paulogonzalez1/Desktop/DBC/programming_coach/paddle_tournament/app/controllers/players_controller.rb": [
        1,
        null,
        1,
        null,
        null,
        1,
        0,
        null,
        null
      ],
      "/Users/paulogonzalez1/Desktop/DBC/programming_coach/paddle_tournament/spec/controllers/tournaments_controller_spec.rb": [
        1,
        null,
        1,
        null,
        null
      ],
      "/Users/paulogonzalez1/Desktop/DBC/programming_coach/paddle_tournament/app/controllers/tournaments_controller.rb": [
        1,
        null,
        1,
        0,
        null,
        null,
        1,
        0,
        null,
        null
      ],
      "/Users/paulogonzalez1/Desktop/DBC/programming_coach/paddle_tournament/spec/features/static_pages/root_page_spec.rb": [
        1,
        1,
        0,
        0,
        null,
        null
      ],
      "/Users/paulogonzalez1/Desktop/DBC/programming_coach/paddle_tournament/spec/helpers/locations_helper_spec.rb": [
        1,
        null,
        null,
        null,
        null,
        null,
        null,
        null,
        null,
        null,
        null,
        null,
        1,
        1,
        null
      ],
      "/Users/paulogonzalez1/Desktop/DBC/programming_coach/paddle_tournament/spec/helpers/players_helper_spec.rb": [
        1,
        null,
        null,
        null,
        null,
        null,
        null,
        null,
        null,
        null,
        null,
        null,
        1,
        1,
        null
      ],
      "/Users/paulogonzalez1/Desktop/DBC/programming_coach/paddle_tournament/spec/models/draw_position_spec.rb": [
        1,
        null,
        1,
        1,
        2,
        null,
        1,
        1,
        null,
        null,
        1,
        1,
        null,
        1,
        null,
        null,
        null,
        null
      ],
      "/Users/paulogonzalez1/Desktop/DBC/programming_coach/paddle_tournament/app/models/draw_position.rb": [
        1,
        1,
        1,
        null,
        1,
        1,
        null,
        null,
        1,
        null,
        1,
        0,
        null,
        null,
        1,
        0,
        0,
        null,
        0,
        0,
        null,
        0,
        null,
        null,
        null,
        1,
        0,
        0,
        0,
        null,
        null,
        null,
        1,
        0,
        0,
        null,
        null,
        0,
        0,
        0,
        0,
        null,
        null,
        null
      ],
      "/Users/paulogonzalez1/Desktop/DBC/programming_coach/paddle_tournament/spec/models/draw_spec.rb": [
        1,
        null,
        1,
        8,
        3,
        null,
        1,
        1,
        null,
        null,
        1,
        1,
        1,
        1,
        null,
        null,
        1,
        1,
        1,
        null,
        null,
        1,
        null,
        1,
        1,
        1,
        1,
        null,
        null,
        1,
        1,
        1,
        null,
        1,
        1,
        null,
        null,
        null,
        1,
        1,
        1,
        null,
        1,
        1,
        1,
        null,
        1,
        1,
        null,
        null,
        null,
        null,
        null
      ],
      "/Users/paulogonzalez1/Desktop/DBC/programming_coach/paddle_tournament/app/models/draw.rb": [
        1,
        null,
        null,
        null,
        1,
        null,
        1,
        1,
        1,
        null,
        1,
        null,
        1,
        0,
        0,
        null,
        0,
        0,
        null,
        0,
        null,
        null,
        null,
        null,
        null,
        null,
        null,
        1,
        0,
        null,
        null,
        null,
        null,
        1,
        0,
        null,
        null,
        null,
        1,
        0,
        0,
        null,
        null,
        null,
        1,
        null,
        null,
        null,
        1,
        null,
        1,
        0,
        null,
        null,
        1,
        0,
        0,
        0,
        null,
        null,
        null,
        1,
        0,
        null,
        null,
        1,
        7,
        0,
        0,
        0,
        0,
        0,
        null,
        7,
        42,
        7,
        null,
        35,
        35,
        null,
        0,
        null,
        null,
        null,
        null,
        null,
        1,
        35,
        null,
        434,
        217,
        217,
        null,
        217,
        217,
        217,
        null,
        217,
        217,
        217,
        null,
        217,
        null,
        null,
        null,
        null,
        1,
        7,
        7,
        null,
        null
      ],
      "/Users/paulogonzalez1/Desktop/DBC/programming_coach/paddle_tournament/spec/models/location_spec.rb": [
        1,
        null,
        1,
        2,
        null,
        null,
        1,
        1,
        null,
        null,
        null
      ],
      "/Users/paulogonzalez1/Desktop/DBC/programming_coach/paddle_tournament/app/models/location.rb": [
        1,
        1,
        null
      ],
      "/Users/paulogonzalez1/Desktop/DBC/programming_coach/paddle_tournament/spec/models/match_spec.rb": [
        1,
        null,
        1,
        2,
        null,
        1,
        1,
        null,
        null,
        null
      ],
      "/Users/paulogonzalez1/Desktop/DBC/programming_coach/paddle_tournament/app/models/match.rb": [
        1,
        1,
        1,
        1,
        null,
        1,
        1,
        null,
        1,
        null,
        1,
        0,
        null,
        null,
        1,
        0,
        null,
        null,
        1,
        0,
        0,
        null,
        null,
        1,
        0,
        0,
        null,
        0,
        0,
        null,
        0,
        null,
        0,
        null,
        null,
        1,
        0,
        0,
        null,
        null,
        1,
        0,
        0,
        0,
        0,
        0,
        null,
        null,
        null,
        1,
        0,
        0,
        0,
        0,
        null,
        null,
        null,
        1,
        0,
        0,
        null,
        0,
        null,
        null,
        null,
        1,
        0,
        null,
        null,
        1,
        0,
        null,
        null,
        1,
        0,
        null,
        null,
        1,
        0,
        null,
        null,
        1,
        0,
        null,
        null,
        1,
        0,
        null,
        null,
        1,
        0,
        null,
        null
      ],
      "/Users/paulogonzalez1/Desktop/DBC/programming_coach/paddle_tournament/spec/models/player_spec.rb": [
        1,
        null,
        1,
        2,
        null,
        1,
        1,
        null,
        null,
        null
      ],
      "/Users/paulogonzalez1/Desktop/DBC/programming_coach/paddle_tournament/app/models/player.rb": [
        1,
        1,
        1,
        1,
        null
      ],
      "/Users/paulogonzalez1/Desktop/DBC/programming_coach/paddle_tournament/spec/models/tournament_spec.rb": [
        1,
        2,
        null,
        1,
        1,
        null,
        null,
        null
      ],
      "/Users/paulogonzalez1/Desktop/DBC/programming_coach/paddle_tournament/app/models/tournament.rb": [
        1,
        1,
        null
      ]
    },
    "timestamp": 1461805163
  }
}
